Determining if the pthread_create exist failed with the following output:
Change Dir: /home/dabel/baxter_hackathon/baxter_speech_command/build/CMakeFiles/CMakeTmp

Run Build Command:/usr/bin/make "cmTryCompileExec2512596179/fast"
/usr/bin/make -f CMakeFiles/cmTryCompileExec2512596179.dir/build.make CMakeFiles/cmTryCompileExec2512596179.dir/build
make[1]: Entering directory `/home/dabel/baxter_hackathon/baxter_speech_command/build/CMakeFiles/CMakeTmp'
/usr/bin/cmake -E cmake_progress_report /home/dabel/baxter_hackathon/baxter_speech_command/build/CMakeFiles/CMakeTmp/CMakeFiles 1
Building C object CMakeFiles/cmTryCompileExec2512596179.dir/CheckSymbolExists.c.o
/usr/bin/cc    -o CMakeFiles/cmTryCompileExec2512596179.dir/CheckSymbolExists.c.o   -c /home/dabel/baxter_hackathon/baxter_speech_command/build/CMakeFiles/CMakeTmp/CheckSymbolExists.c
Linking C executable cmTryCompileExec2512596179
/usr/bin/cmake -E cmake_link_script CMakeFiles/cmTryCompileExec2512596179.dir/link.txt --verbose=1
/usr/bin/cc         CMakeFiles/cmTryCompileExec2512596179.dir/CheckSymbolExists.c.o  -o cmTryCompileExec2512596179 -rdynamic 
CMakeFiles/cmTryCompileExec2512596179.dir/CheckSymbolExists.c.o: In function `main':
CheckSymbolExists.c:(.text+0x16): undefined reference to `pthread_create'
collect2: error: ld returned 1 exit status
make[1]: *** [cmTryCompileExec2512596179] Error 1
make[1]: Leaving directory `/home/dabel/baxter_hackathon/baxter_speech_command/build/CMakeFiles/CMakeTmp'
make: *** [cmTryCompileExec2512596179/fast] Error 2

File /home/dabel/baxter_hackathon/baxter_speech_command/build/CMakeFiles/CMakeTmp/CheckSymbolExists.c:
/* */
#include <pthread.h>

int main(int argc, char** argv)
{
  (void)argv;
#ifndef pthread_create
  return ((int*)(&pthread_create))[argc];
#else
  (void)argc;
  return 0;
#endif
}

Determining if the function pthread_create exists in the pthreads failed with the following output:
Change Dir: /home/dabel/baxter_hackathon/baxter_speech_command/build/CMakeFiles/CMakeTmp

Run Build Command:/usr/bin/make "cmTryCompileExec3196824215/fast"
/usr/bin/make -f CMakeFiles/cmTryCompileExec3196824215.dir/build.make CMakeFiles/cmTryCompileExec3196824215.dir/build
make[1]: Entering directory `/home/dabel/baxter_hackathon/baxter_speech_command/build/CMakeFiles/CMakeTmp'
/usr/bin/cmake -E cmake_progress_report /home/dabel/baxter_hackathon/baxter_speech_command/build/CMakeFiles/CMakeTmp/CMakeFiles 1
Building C object CMakeFiles/cmTryCompileExec3196824215.dir/CheckFunctionExists.c.o
/usr/bin/cc   -DCHECK_FUNCTION_EXISTS=pthread_create   -o CMakeFiles/cmTryCompileExec3196824215.dir/CheckFunctionExists.c.o   -c /usr/share/cmake-2.8/Modules/CheckFunctionExists.c
Linking C executable cmTryCompileExec3196824215
/usr/bin/cmake -E cmake_link_script CMakeFiles/cmTryCompileExec3196824215.dir/link.txt --verbose=1
/usr/bin/cc     -DCHECK_FUNCTION_EXISTS=pthread_create    CMakeFiles/cmTryCompileExec3196824215.dir/CheckFunctionExists.c.o  -o cmTryCompileExec3196824215 -rdynamic -lpthreads 
/usr/bin/ld: cannot find -lpthreads
collect2: error: ld returned 1 exit status
make[1]: *** [cmTryCompileExec3196824215] Error 1
make[1]: Leaving directory `/home/dabel/baxter_hackathon/baxter_speech_command/build/CMakeFiles/CMakeTmp'
make: *** [cmTryCompileExec3196824215/fast] Error 2


